mode: set
github.com/sarff/prjctr-golang_beginning/gocourse05/zooobservation/camera/camera.go:32.122,35.2 2 1
github.com/sarff/prjctr-golang_beginning/gocourse05/zooobservation/camera/camera.go:37.68,40.2 2 1
github.com/sarff/prjctr-golang_beginning/gocourse05/zooobservation/camera/camera.go:44.124,47.2 2 1
github.com/sarff/prjctr-golang_beginning/gocourse05/zooobservation/camera/camera.go:49.70,52.2 2 1
github.com/sarff/prjctr-golang_beginning/gocourse05/zooobservation/camera/camera.go:59.34,64.2 1 1
github.com/sarff/prjctr-golang_beginning/gocourse05/zooobservation/camera/camera.go:66.121,68.31 2 1
github.com/sarff/prjctr-golang_beginning/gocourse05/zooobservation/camera/camera.go:68.31,70.3 1 1
github.com/sarff/prjctr-golang_beginning/gocourse05/zooobservation/camera/camera.go:71.2,71.66 1 1
github.com/sarff/prjctr-golang_beginning/gocourse05/zooobservation/camera/camera.go:74.95,76.36 2 1
github.com/sarff/prjctr-golang_beginning/gocourse05/zooobservation/camera/camera.go:76.36,77.10 1 1
github.com/sarff/prjctr-golang_beginning/gocourse05/zooobservation/camera/camera.go:78.15,80.25 2 1
github.com/sarff/prjctr-golang_beginning/gocourse05/zooobservation/camera/camera.go:81.36,83.23 2 1
github.com/sarff/prjctr-golang_beginning/gocourse05/zooobservation/camera/camera.go:84.11,86.25 2 1
github.com/sarff/prjctr-golang_beginning/gocourse05/zooobservation/camera/camera.go:89.2,95.21 2 1
